[ 2014-03-11T08:01:58+08:00 ] 127.0.0.1 /
INFO: [ app_begin ] --START--
INFO: ReadHtmlCache Behavior ::run [ RunTime:0.003722s ]
INFO: [ app_begin ] --END-- [ RunTime:0.003851s ]
INFO: [ view_parse ] --START--
INFO: ParseTemplate Behavior ::run [ RunTime:0.030316s ]
INFO: [ view_parse ] --END-- [ RunTime:0.030424s ]
INFO: [ view_filter ] --START--
INFO: ContentReplace Behavior ::run [ RunTime:0.002097s ]
INFO: TokenBuild Behavior ::run [ RunTime:0.004710s ]
INFO: WriteHtmlCache Behavior ::run [ RunTime:0.001898s ]
INFO: ShowRuntime Behavior ::run [ RunTime:0.002255s ]
INFO: [ view_filter ] --END-- [ RunTime:0.011167s ]
INFO: [ view_end ] --START--
INFO: ShowPageTrace Behavior ::run [ RunTime:0.002353s ]
INFO: [ view_end ] --END-- [ RunTime:0.002415s ]

[ 2014-03-11T09:01:00+08:00 ] 127.0.0.1 /
INFO: [ app_begin ] --START--
INFO: ReadHtmlCache Behavior ::run [ RunTime:0.411378s ]
INFO: [ app_begin ] --END-- [ RunTime:0.411541s ]
INFO: [ view_parse ] --START--
INFO: ParseTemplate Behavior ::run [ RunTime:0.473167s ]
INFO: [ view_parse ] --END-- [ RunTime:0.473329s ]
INFO: [ view_filter ] --START--
INFO: ContentReplace Behavior ::run [ RunTime:0.140728s ]
INFO: TokenBuild Behavior ::run [ RunTime:0.182982s ]
INFO: WriteHtmlCache Behavior ::run [ RunTime:0.003525s ]
INFO: ShowRuntime Behavior ::run [ RunTime:0.005155s ]
INFO: [ view_filter ] --END-- [ RunTime:0.332860s ]
INFO: [ view_end ] --START--
INFO: ShowPageTrace Behavior ::run [ RunTime:0.011137s ]
INFO: [ view_end ] --END-- [ RunTime:0.011231s ]

[ 2014-03-11T09:02:45+08:00 ] 127.0.0.1 /
INFO: [ app_begin ] --START--
INFO: ReadHtmlCache Behavior ::run [ RunTime:0.000739s ]
INFO: [ app_begin ] --END-- [ RunTime:0.000844s ]
INFO: [ view_parse ] --START--
INFO: ParseTemplate Behavior ::run [ RunTime:0.011555s ]
INFO: [ view_parse ] --END-- [ RunTime:0.011670s ]
INFO: [ view_filter ] --START--
INFO: ContentReplace Behavior ::run [ RunTime:0.000519s ]
INFO: TokenBuild Behavior ::run [ RunTime:0.000471s ]
INFO: WriteHtmlCache Behavior ::run [ RunTime:0.000420s ]
INFO: ShowRuntime Behavior ::run [ RunTime:0.000629s ]
INFO: [ view_filter ] --END-- [ RunTime:0.002221s ]
INFO: [ view_end ] --START--
INFO: ShowPageTrace Behavior ::run [ RunTime:0.000851s ]
INFO: [ view_end ] --END-- [ RunTime:0.000911s ]

[ 2014-03-11T09:03:51+08:00 ] 127.0.0.1 /
INFO: [ app_begin ] --START--
INFO: ReadHtmlCache Behavior ::run [ RunTime:0.001594s ]
INFO: [ app_begin ] --END-- [ RunTime:0.001727s ]
INFO: [ view_parse ] --START--
INFO: ParseTemplate Behavior ::run [ RunTime:0.022787s ]
INFO: [ view_parse ] --END-- [ RunTime:0.022944s ]
INFO: [ view_filter ] --START--
INFO: ContentReplace Behavior ::run [ RunTime:0.001312s ]
INFO: TokenBuild Behavior ::run [ RunTime:0.001236s ]
INFO: WriteHtmlCache Behavior ::run [ RunTime:0.001174s ]
INFO: ShowRuntime Behavior ::run [ RunTime:0.001298s ]
INFO: [ view_filter ] --END-- [ RunTime:0.005226s ]
INFO: [ view_end ] --START--
INFO: ShowPageTrace Behavior ::run [ RunTime:0.001884s ]
INFO: [ view_end ] --END-- [ RunTime:0.001989s ]

[ 2014-03-11T09:03:52+08:00 ] 127.0.0.1 /
INFO: [ app_begin ] --START--
INFO: ReadHtmlCache Behavior ::run [ RunTime:0.001614s ]
INFO: [ app_begin ] --END-- [ RunTime:0.001710s ]
INFO: [ view_parse ] --START--
INFO: ParseTemplate Behavior ::run [ RunTime:0.016023s ]
INFO: [ view_parse ] --END-- [ RunTime:0.016118s ]
INFO: [ view_filter ] --START--
INFO: ContentReplace Behavior ::run [ RunTime:0.001078s ]
INFO: TokenBuild Behavior ::run [ RunTime:0.001064s ]
INFO: WriteHtmlCache Behavior ::run [ RunTime:0.000892s ]
INFO: ShowRuntime Behavior ::run [ RunTime:0.000987s ]
INFO: [ view_filter ] --END-- [ RunTime:0.004217s ]
INFO: [ view_end ] --START--
INFO: ShowPageTrace Behavior ::run [ RunTime:0.001526s ]
INFO: [ view_end ] --END-- [ RunTime:0.001597s ]

[ 2014-03-11T09:03:58+08:00 ] 127.0.0.1 /
INFO: [ app_begin ] --START--
INFO: ReadHtmlCache Behavior ::run [ RunTime:0.002333s ]
INFO: [ app_begin ] --END-- [ RunTime:0.002482s ]
SQL: SHOW COLUMNS FROM `wx_agent` [ RunTime:0.017691s ]
ERR: 1146:Table 'sdw_website.wx_agent' doesn't exist
 [ SQL语句 ] : SHOW COLUMNS FROM `wx_agent`
NOTIC: 建议使用I方法替代_post
SQL: SELECT * FROM `wx_agent` WHERE ( `username` = '111' ) LIMIT 1   [ RunTime:0.018235s ]
ERR: 1146:Table 'sdw_website.wx_agent' doesn't exist
 [ SQL语句 ] : SELECT * FROM `wx_agent` WHERE ( `username` = '111' ) LIMIT 1  
INFO: [ view_parse ] --START--
INFO: ParseTemplate Behavior ::run [ RunTime:0.070331s ]
INFO: [ view_parse ] --END-- [ RunTime:0.070543s ]
INFO: [ view_filter ] --START--
INFO: ContentReplace Behavior ::run [ RunTime:0.002487s ]
INFO: TokenBuild Behavior ::run [ RunTime:0.003469s ]
INFO: WriteHtmlCache Behavior ::run [ RunTime:0.002766s ]
INFO: ShowRuntime Behavior ::run [ RunTime:0.001356s ]
INFO: [ view_filter ] --END-- [ RunTime:0.010491s ]
INFO: [ view_end ] --START--
INFO: ShowPageTrace Behavior ::run [ RunTime:0.002097s ]
INFO: [ view_end ] --END-- [ RunTime:0.002200s ]

[ 2014-03-11T09:03:59+08:00 ] 127.0.0.1 /
INFO: [ app_begin ] --START--
INFO: ReadHtmlCache Behavior ::run [ RunTime:0.000902s ]
INFO: [ app_begin ] --END-- [ RunTime:0.001013s ]
INFO: [ view_parse ] --START--
INFO: ParseTemplate Behavior ::run [ RunTime:0.008477s ]
INFO: [ view_parse ] --END-- [ RunTime:0.008573s ]
INFO: [ view_filter ] --START--
INFO: ContentReplace Behavior ::run [ RunTime:0.000539s ]
INFO: TokenBuild Behavior ::run [ RunTime:0.000397s ]
INFO: WriteHtmlCache Behavior ::run [ RunTime:0.000290s ]
INFO: ShowRuntime Behavior ::run [ RunTime:0.000510s ]
INFO: [ view_filter ] --END-- [ RunTime:0.001883s ]
INFO: [ view_end ] --START--
INFO: ShowPageTrace Behavior ::run [ RunTime:0.000623s ]
INFO: [ view_end ] --END-- [ RunTime:0.000670s ]

[ 2014-03-11T09:25:58+08:00 ] 127.0.0.1 /
INFO: [ app_begin ] --START--
INFO: ReadHtmlCache Behavior ::run [ RunTime:0.006349s ]
INFO: [ app_begin ] --END-- [ RunTime:0.006578s ]
INFO: [ view_parse ] --START--
INFO: ParseTemplate Behavior ::run [ RunTime:0.063467s ]
INFO: [ view_parse ] --END-- [ RunTime:0.063771s ]
INFO: [ view_filter ] --START--
INFO: ContentReplace Behavior ::run [ RunTime:0.005212s ]
INFO: TokenBuild Behavior ::run [ RunTime:0.004622s ]
INFO: WriteHtmlCache Behavior ::run [ RunTime:0.004517s ]
INFO: ShowRuntime Behavior ::run [ RunTime:0.004607s ]
INFO: [ view_filter ] --END-- [ RunTime:0.019450s ]
INFO: [ view_end ] --START--
INFO: ShowPageTrace Behavior ::run [ RunTime:0.005211s ]
INFO: [ view_end ] --END-- [ RunTime:0.005350s ]

[ 2014-03-11T09:38:05+08:00 ] 127.0.0.1 /
INFO: [ app_begin ] --START--
INFO: ReadHtmlCache Behavior ::run [ RunTime:0.002717s ]
INFO: [ app_begin ] --END-- [ RunTime:0.002893s ]
INFO: [ view_parse ] --START--
INFO: ParseTemplate Behavior ::run [ RunTime:0.040362s ]
INFO: [ view_parse ] --END-- [ RunTime:0.040565s ]
INFO: [ view_filter ] --START--
INFO: ContentReplace Behavior ::run [ RunTime:0.002231s ]
INFO: TokenBuild Behavior ::run [ RunTime:0.002383s ]
INFO: WriteHtmlCache Behavior ::run [ RunTime:0.002835s ]
INFO: ShowRuntime Behavior ::run [ RunTime:0.003259s ]
INFO: [ view_filter ] --END-- [ RunTime:0.011155s ]
INFO: [ view_end ] --START--
INFO: ShowPageTrace Behavior ::run [ RunTime:0.003390s ]
INFO: [ view_end ] --END-- [ RunTime:0.003526s ]

[ 2014-03-11T09:38:09+08:00 ] 127.0.0.1 /
INFO: [ app_begin ] --START--
INFO: ReadHtmlCache Behavior ::run [ RunTime:0.002010s ]
INFO: [ app_begin ] --END-- [ RunTime:0.002216s ]
SQL: SHOW COLUMNS FROM `sdw_member` [ RunTime:0.009832s ]
NOTIC: 建议使用I方法替代_post
SQL: SELECT * FROM `sdw_member` WHERE ( `username` = 'mflaugh' ) LIMIT 1   [ RunTime:0.000693s ]
NOTIC: 建议使用I方法替代_post
INFO: [ view_parse ] --START--
INFO: ParseTemplate Behavior ::run [ RunTime:0.022122s ]
INFO: [ view_parse ] --END-- [ RunTime:0.022302s ]
INFO: [ view_filter ] --START--
INFO: ContentReplace Behavior ::run [ RunTime:0.000842s ]
INFO: TokenBuild Behavior ::run [ RunTime:0.000886s ]
INFO: WriteHtmlCache Behavior ::run [ RunTime:0.000670s ]
INFO: ShowRuntime Behavior ::run [ RunTime:0.001069s ]
INFO: [ view_filter ] --END-- [ RunTime:0.003800s ]
INFO: [ view_end ] --START--
INFO: ShowPageTrace Behavior ::run [ RunTime:0.001952s ]
INFO: [ view_end ] --END-- [ RunTime:0.002077s ]

[ 2014-03-11T09:38:11+08:00 ] 127.0.0.1 /index.php?m=Member&a=index
INFO: [ app_begin ] --START--
INFO: ReadHtmlCache Behavior ::run [ RunTime:0.001541s ]
INFO: [ app_begin ] --END-- [ RunTime:0.001750s ]
ERR: 无法加载模块:Member

[ 2014-03-11T09:38:21+08:00 ] 127.0.0.1 /index.php?m=Member&a=index
INFO: [ app_begin ] --START--
INFO: ReadHtmlCache Behavior ::run [ RunTime:0.001478s ]
INFO: [ app_begin ] --END-- [ RunTime:0.001641s ]
ERR: 模板不存在[./template/Home/Member_index.html]

[ 2014-03-11T09:39:23+08:00 ] 127.0.0.1 /index.php?m=Member&a=index
INFO: [ app_begin ] --START--
INFO: ReadHtmlCache Behavior ::run [ RunTime:0.002546s ]
INFO: [ app_begin ] --END-- [ RunTime:0.002700s ]
INFO: [ view_parse ] --START--
NOTIC: [8] Undefined variable: agentMessageCount F:\MyWeb\sdwkefu\sdwWebsiteData\runtime\Cache\Home\adf1424ef617f44094c401b0daec0b14.php 第 54 行.
NOTIC: [8] Undefined variable: agentMessageCount F:\MyWeb\sdwkefu\sdwWebsiteData\runtime\Cache\Home\adf1424ef617f44094c401b0daec0b14.php 第 57 行.
NOTIC: [8] Undefined variable: agentnewscount F:\MyWeb\sdwkefu\sdwWebsiteData\runtime\Cache\Home\adf1424ef617f44094c401b0daec0b14.php 第 87 行.
NOTIC: [8] Undefined variable: agentnewscount F:\MyWeb\sdwkefu\sdwWebsiteData\runtime\Cache\Home\adf1424ef617f44094c401b0daec0b14.php 第 90 行.
NOTIC: [8] Undefined variable: money F:\MyWeb\sdwkefu\sdwWebsiteData\runtime\Cache\Home\adf1424ef617f44094c401b0daec0b14.php 第 120 行.
NOTIC: [8] Undefined variable: memberCount F:\MyWeb\sdwkefu\sdwWebsiteData\runtime\Cache\Home\adf1424ef617f44094c401b0daec0b14.php 第 273 行.
NOTIC: [8] Undefined variable: orderCount F:\MyWeb\sdwkefu\sdwWebsiteData\runtime\Cache\Home\adf1424ef617f44094c401b0daec0b14.php 第 286 行.
NOTIC: [8] Undefined variable: money F:\MyWeb\sdwkefu\sdwWebsiteData\runtime\Cache\Home\adf1424ef617f44094c401b0daec0b14.php 第 301 行.
NOTIC: [8] Undefined variable: moneytotal F:\MyWeb\sdwkefu\sdwWebsiteData\runtime\Cache\Home\adf1424ef617f44094c401b0daec0b14.php 第 314 行.
NOTIC: [8] Undefined variable: chartmemberlist F:\MyWeb\sdwkefu\sdwWebsiteData\runtime\Cache\Home\adf1424ef617f44094c401b0daec0b14.php 第 449 行.
NOTIC: [8] Undefined variable: chartorderlist F:\MyWeb\sdwkefu\sdwWebsiteData\runtime\Cache\Home\adf1424ef617f44094c401b0daec0b14.php 第 454 行.
NOTIC: [8] Undefined variable: chartorderlist F:\MyWeb\sdwkefu\sdwWebsiteData\runtime\Cache\Home\adf1424ef617f44094c401b0daec0b14.php 第 498 行.
INFO: ParseTemplate Behavior ::run [ RunTime:0.105581s ]
INFO: [ view_parse ] --END-- [ RunTime:0.105747s ]
INFO: [ view_filter ] --START--
INFO: ContentReplace Behavior ::run [ RunTime:0.002624s ]
INFO: TokenBuild Behavior ::run [ RunTime:0.002120s ]
INFO: WriteHtmlCache Behavior ::run [ RunTime:0.002633s ]
INFO: ShowRuntime Behavior ::run [ RunTime:0.003426s ]
INFO: [ view_filter ] --END-- [ RunTime:0.011223s ]
INFO: [ view_end ] --START--
INFO: ShowPageTrace Behavior ::run [ RunTime:0.002765s ]
INFO: [ view_end ] --END-- [ RunTime:0.002913s ]

[ 2014-03-11T09:40:15+08:00 ] 127.0.0.1 /index.php?m=Member&a=index
INFO: [ app_begin ] --START--
INFO: ReadHtmlCache Behavior ::run [ RunTime:0.002890s ]
INFO: [ app_begin ] --END-- [ RunTime:0.003086s ]
INFO: [ view_parse ] --START--
NOTIC: [8] Undefined variable: agentMessageCount F:\MyWeb\sdwkefu\sdwWebsiteData\runtime\Cache\Home\adf1424ef617f44094c401b0daec0b14.php 第 54 行.
NOTIC: [8] Undefined variable: agentMessageCount F:\MyWeb\sdwkefu\sdwWebsiteData\runtime\Cache\Home\adf1424ef617f44094c401b0daec0b14.php 第 57 行.
NOTIC: [8] Undefined variable: agentnewscount F:\MyWeb\sdwkefu\sdwWebsiteData\runtime\Cache\Home\adf1424ef617f44094c401b0daec0b14.php 第 87 行.
NOTIC: [8] Undefined variable: agentnewscount F:\MyWeb\sdwkefu\sdwWebsiteData\runtime\Cache\Home\adf1424ef617f44094c401b0daec0b14.php 第 90 行.
NOTIC: [8] Undefined variable: money F:\MyWeb\sdwkefu\sdwWebsiteData\runtime\Cache\Home\adf1424ef617f44094c401b0daec0b14.php 第 120 行.
NOTIC: [8] Undefined variable: memberCount F:\MyWeb\sdwkefu\sdwWebsiteData\runtime\Cache\Home\adf1424ef617f44094c401b0daec0b14.php 第 273 行.
NOTIC: [8] Undefined variable: orderCount F:\MyWeb\sdwkefu\sdwWebsiteData\runtime\Cache\Home\adf1424ef617f44094c401b0daec0b14.php 第 286 行.
NOTIC: [8] Undefined variable: money F:\MyWeb\sdwkefu\sdwWebsiteData\runtime\Cache\Home\adf1424ef617f44094c401b0daec0b14.php 第 301 行.
NOTIC: [8] Undefined variable: moneytotal F:\MyWeb\sdwkefu\sdwWebsiteData\runtime\Cache\Home\adf1424ef617f44094c401b0daec0b14.php 第 314 行.
NOTIC: [8] Undefined variable: chartmemberlist F:\MyWeb\sdwkefu\sdwWebsiteData\runtime\Cache\Home\adf1424ef617f44094c401b0daec0b14.php 第 449 行.
NOTIC: [8] Undefined variable: chartorderlist F:\MyWeb\sdwkefu\sdwWebsiteData\runtime\Cache\Home\adf1424ef617f44094c401b0daec0b14.php 第 454 行.
NOTIC: [8] Undefined variable: chartorderlist F:\MyWeb\sdwkefu\sdwWebsiteData\runtime\Cache\Home\adf1424ef617f44094c401b0daec0b14.php 第 498 行.
INFO: ParseTemplate Behavior ::run [ RunTime:0.078252s ]
INFO: [ view_parse ] --END-- [ RunTime:0.078409s ]
INFO: [ view_filter ] --START--
INFO: ContentReplace Behavior ::run [ RunTime:0.001411s ]
INFO: TokenBuild Behavior ::run [ RunTime:0.001166s ]
INFO: WriteHtmlCache Behavior ::run [ RunTime:0.000992s ]
INFO: ShowRuntime Behavior ::run [ RunTime:0.001355s ]
INFO: [ view_filter ] --END-- [ RunTime:0.005138s ]
INFO: [ view_end ] --START--
INFO: ShowPageTrace Behavior ::run [ RunTime:0.003289s ]
INFO: [ view_end ] --END-- [ RunTime:0.003413s ]

[ 2014-03-11T09:40:24+08:00 ] 127.0.0.1 /index.php?m=Member&a=index
INFO: [ app_begin ] --START--
INFO: ReadHtmlCache Behavior ::run [ RunTime:0.001301s ]
INFO: [ app_begin ] --END-- [ RunTime:0.001448s ]
INFO: [ view_parse ] --START--
NOTIC: [8] Undefined variable: agentMessageCount F:\MyWeb\sdwkefu\sdwWebsiteData\runtime\Cache\Home\adf1424ef617f44094c401b0daec0b14.php 第 54 行.
NOTIC: [8] Undefined variable: agentMessageCount F:\MyWeb\sdwkefu\sdwWebsiteData\runtime\Cache\Home\adf1424ef617f44094c401b0daec0b14.php 第 57 行.
NOTIC: [8] Undefined variable: agentnewscount F:\MyWeb\sdwkefu\sdwWebsiteData\runtime\Cache\Home\adf1424ef617f44094c401b0daec0b14.php 第 87 行.
NOTIC: [8] Undefined variable: agentnewscount F:\MyWeb\sdwkefu\sdwWebsiteData\runtime\Cache\Home\adf1424ef617f44094c401b0daec0b14.php 第 90 行.
NOTIC: [8] Undefined variable: money F:\MyWeb\sdwkefu\sdwWebsiteData\runtime\Cache\Home\adf1424ef617f44094c401b0daec0b14.php 第 120 行.
NOTIC: [8] Undefined variable: memberCount F:\MyWeb\sdwkefu\sdwWebsiteData\runtime\Cache\Home\adf1424ef617f44094c401b0daec0b14.php 第 273 行.
NOTIC: [8] Undefined variable: orderCount F:\MyWeb\sdwkefu\sdwWebsiteData\runtime\Cache\Home\adf1424ef617f44094c401b0daec0b14.php 第 286 行.
NOTIC: [8] Undefined variable: money F:\MyWeb\sdwkefu\sdwWebsiteData\runtime\Cache\Home\adf1424ef617f44094c401b0daec0b14.php 第 301 行.
NOTIC: [8] Undefined variable: moneytotal F:\MyWeb\sdwkefu\sdwWebsiteData\runtime\Cache\Home\adf1424ef617f44094c401b0daec0b14.php 第 314 行.
NOTIC: [8] Undefined variable: chartmemberlist F:\MyWeb\sdwkefu\sdwWebsiteData\runtime\Cache\Home\adf1424ef617f44094c401b0daec0b14.php 第 449 行.
NOTIC: [8] Undefined variable: chartorderlist F:\MyWeb\sdwkefu\sdwWebsiteData\runtime\Cache\Home\adf1424ef617f44094c401b0daec0b14.php 第 454 行.
NOTIC: [8] Undefined variable: chartorderlist F:\MyWeb\sdwkefu\sdwWebsiteData\runtime\Cache\Home\adf1424ef617f44094c401b0daec0b14.php 第 498 行.
INFO: ParseTemplate Behavior ::run [ RunTime:0.077572s ]
INFO: [ view_parse ] --END-- [ RunTime:0.077710s ]
INFO: [ view_filter ] --START--
INFO: ContentReplace Behavior ::run [ RunTime:0.001019s ]
INFO: TokenBuild Behavior ::run [ RunTime:0.000961s ]
INFO: WriteHtmlCache Behavior ::run [ RunTime:0.000787s ]
INFO: ShowRuntime Behavior ::run [ RunTime:0.001115s ]
INFO: [ view_filter ] --END-- [ RunTime:0.004199s ]
INFO: [ view_end ] --START--
INFO: ShowPageTrace Behavior ::run [ RunTime:0.003687s ]
INFO: [ view_end ] --END-- [ RunTime:0.003819s ]

[ 2014-03-11T09:41:07+08:00 ] 127.0.0.1 /index.php?m=Agent&a=index
INFO: [ app_begin ] --START--
INFO: ReadHtmlCache Behavior ::run [ RunTime:0.002483s ]
INFO: [ app_begin ] --END-- [ RunTime:0.002656s ]
ERR: 无法加载模块:Agent

[ 2014-03-11T09:41:10+08:00 ] 127.0.0.1 /index.php?m=Member&a=index
INFO: [ app_begin ] --START--
INFO: ReadHtmlCache Behavior ::run [ RunTime:0.001327s ]
INFO: [ app_begin ] --END-- [ RunTime:0.001475s ]
INFO: [ view_parse ] --START--
NOTIC: [8] Undefined variable: agentMessageCount F:\MyWeb\sdwkefu\sdwWebsiteData\runtime\Cache\Home\adf1424ef617f44094c401b0daec0b14.php 第 54 行.
NOTIC: [8] Undefined variable: agentMessageCount F:\MyWeb\sdwkefu\sdwWebsiteData\runtime\Cache\Home\adf1424ef617f44094c401b0daec0b14.php 第 57 行.
NOTIC: [8] Undefined variable: agentnewscount F:\MyWeb\sdwkefu\sdwWebsiteData\runtime\Cache\Home\adf1424ef617f44094c401b0daec0b14.php 第 87 行.
NOTIC: [8] Undefined variable: agentnewscount F:\MyWeb\sdwkefu\sdwWebsiteData\runtime\Cache\Home\adf1424ef617f44094c401b0daec0b14.php 第 90 行.
NOTIC: [8] Undefined variable: money F:\MyWeb\sdwkefu\sdwWebsiteData\runtime\Cache\Home\adf1424ef617f44094c401b0daec0b14.php 第 120 行.
NOTIC: [8] Undefined variable: memberCount F:\MyWeb\sdwkefu\sdwWebsiteData\runtime\Cache\Home\adf1424ef617f44094c401b0daec0b14.php 第 219 行.
NOTIC: [8] Undefined variable: orderCount F:\MyWeb\sdwkefu\sdwWebsiteData\runtime\Cache\Home\adf1424ef617f44094c401b0daec0b14.php 第 232 行.
NOTIC: [8] Undefined variable: money F:\MyWeb\sdwkefu\sdwWebsiteData\runtime\Cache\Home\adf1424ef617f44094c401b0daec0b14.php 第 247 行.
NOTIC: [8] Undefined variable: moneytotal F:\MyWeb\sdwkefu\sdwWebsiteData\runtime\Cache\Home\adf1424ef617f44094c401b0daec0b14.php 第 260 行.
NOTIC: [8] Undefined variable: chartmemberlist F:\MyWeb\sdwkefu\sdwWebsiteData\runtime\Cache\Home\adf1424ef617f44094c401b0daec0b14.php 第 395 行.
NOTIC: [8] Undefined variable: chartorderlist F:\MyWeb\sdwkefu\sdwWebsiteData\runtime\Cache\Home\adf1424ef617f44094c401b0daec0b14.php 第 400 行.
NOTIC: [8] Undefined variable: chartorderlist F:\MyWeb\sdwkefu\sdwWebsiteData\runtime\Cache\Home\adf1424ef617f44094c401b0daec0b14.php 第 444 行.
INFO: ParseTemplate Behavior ::run [ RunTime:0.074968s ]
INFO: [ view_parse ] --END-- [ RunTime:0.075088s ]
INFO: [ view_filter ] --START--
INFO: ContentReplace Behavior ::run [ RunTime:0.001517s ]
INFO: TokenBuild Behavior ::run [ RunTime:0.001469s ]
INFO: WriteHtmlCache Behavior ::run [ RunTime:0.001154s ]
INFO: ShowRuntime Behavior ::run [ RunTime:0.001677s ]
INFO: [ view_filter ] --END-- [ RunTime:0.006030s ]
INFO: [ view_end ] --START--
INFO: ShowPageTrace Behavior ::run [ RunTime:0.002902s ]
INFO: [ view_end ] --END-- [ RunTime:0.002987s ]

[ 2014-03-11T09:41:50+08:00 ] 127.0.0.1 /index.php?m=Member&a=index
INFO: [ app_begin ] --START--
INFO: ReadHtmlCache Behavior ::run [ RunTime:0.001431s ]
INFO: [ app_begin ] --END-- [ RunTime:0.001590s ]
INFO: [ view_parse ] --START--
NOTIC: [8] Undefined variable: agentMessageCount F:\MyWeb\sdwkefu\sdwWebsiteData\runtime\Cache\Home\adf1424ef617f44094c401b0daec0b14.php 第 54 行.
NOTIC: [8] Undefined variable: agentMessageCount F:\MyWeb\sdwkefu\sdwWebsiteData\runtime\Cache\Home\adf1424ef617f44094c401b0daec0b14.php 第 57 行.
NOTIC: [8] Undefined variable: agentnewscount F:\MyWeb\sdwkefu\sdwWebsiteData\runtime\Cache\Home\adf1424ef617f44094c401b0daec0b14.php 第 87 行.
NOTIC: [8] Undefined variable: agentnewscount F:\MyWeb\sdwkefu\sdwWebsiteData\runtime\Cache\Home\adf1424ef617f44094c401b0daec0b14.php 第 90 行.
NOTIC: [8] Undefined variable: money F:\MyWeb\sdwkefu\sdwWebsiteData\runtime\Cache\Home\adf1424ef617f44094c401b0daec0b14.php 第 120 行.
NOTIC: [8] Undefined variable: memberCount F:\MyWeb\sdwkefu\sdwWebsiteData\runtime\Cache\Home\adf1424ef617f44094c401b0daec0b14.php 第 219 行.
NOTIC: [8] Undefined variable: orderCount F:\MyWeb\sdwkefu\sdwWebsiteData\runtime\Cache\Home\adf1424ef617f44094c401b0daec0b14.php 第 232 行.
NOTIC: [8] Undefined variable: money F:\MyWeb\sdwkefu\sdwWebsiteData\runtime\Cache\Home\adf1424ef617f44094c401b0daec0b14.php 第 247 行.
NOTIC: [8] Undefined variable: moneytotal F:\MyWeb\sdwkefu\sdwWebsiteData\runtime\Cache\Home\adf1424ef617f44094c401b0daec0b14.php 第 260 行.
NOTIC: [8] Undefined variable: chartmemberlist F:\MyWeb\sdwkefu\sdwWebsiteData\runtime\Cache\Home\adf1424ef617f44094c401b0daec0b14.php 第 395 行.
NOTIC: [8] Undefined variable: chartorderlist F:\MyWeb\sdwkefu\sdwWebsiteData\runtime\Cache\Home\adf1424ef617f44094c401b0daec0b14.php 第 400 行.
NOTIC: [8] Undefined variable: chartorderlist F:\MyWeb\sdwkefu\sdwWebsiteData\runtime\Cache\Home\adf1424ef617f44094c401b0daec0b14.php 第 444 行.
INFO: ParseTemplate Behavior ::run [ RunTime:0.065470s ]
INFO: [ view_parse ] --END-- [ RunTime:0.065607s ]
INFO: [ view_filter ] --START--
INFO: ContentReplace Behavior ::run [ RunTime:0.001134s ]
INFO: TokenBuild Behavior ::run [ RunTime:0.000872s ]
INFO: WriteHtmlCache Behavior ::run [ RunTime:0.000698s ]
INFO: ShowRuntime Behavior ::run [ RunTime:0.001495s ]
INFO: [ view_filter ] --END-- [ RunTime:0.004590s ]
INFO: [ view_end ] --START--
INFO: ShowPageTrace Behavior ::run [ RunTime:0.003258s ]
INFO: [ view_end ] --END-- [ RunTime:0.003382s ]

[ 2014-03-11T09:42:57+08:00 ] 127.0.0.1 /index.php?m=Member&a=index
INFO: [ app_begin ] --START--
INFO: ReadHtmlCache Behavior ::run [ RunTime:0.001717s ]
INFO: [ app_begin ] --END-- [ RunTime:0.001870s ]
INFO: [ view_parse ] --START--
NOTIC: [8] Undefined variable: agentMessageCount F:\MyWeb\sdwkefu\sdwWebsiteData\runtime\Cache\Home\adf1424ef617f44094c401b0daec0b14.php 第 54 行.
NOTIC: [8] Undefined variable: agentMessageCount F:\MyWeb\sdwkefu\sdwWebsiteData\runtime\Cache\Home\adf1424ef617f44094c401b0daec0b14.php 第 57 行.
NOTIC: [8] Undefined variable: agentnewscount F:\MyWeb\sdwkefu\sdwWebsiteData\runtime\Cache\Home\adf1424ef617f44094c401b0daec0b14.php 第 87 行.
NOTIC: [8] Undefined variable: agentnewscount F:\MyWeb\sdwkefu\sdwWebsiteData\runtime\Cache\Home\adf1424ef617f44094c401b0daec0b14.php 第 90 行.
NOTIC: [8] Undefined variable: money F:\MyWeb\sdwkefu\sdwWebsiteData\runtime\Cache\Home\adf1424ef617f44094c401b0daec0b14.php 第 120 行.
NOTIC: [8] Undefined variable: memberCount F:\MyWeb\sdwkefu\sdwWebsiteData\runtime\Cache\Home\adf1424ef617f44094c401b0daec0b14.php 第 219 行.
NOTIC: [8] Undefined variable: orderCount F:\MyWeb\sdwkefu\sdwWebsiteData\runtime\Cache\Home\adf1424ef617f44094c401b0daec0b14.php 第 232 行.
NOTIC: [8] Undefined variable: money F:\MyWeb\sdwkefu\sdwWebsiteData\runtime\Cache\Home\adf1424ef617f44094c401b0daec0b14.php 第 247 行.
NOTIC: [8] Undefined variable: moneytotal F:\MyWeb\sdwkefu\sdwWebsiteData\runtime\Cache\Home\adf1424ef617f44094c401b0daec0b14.php 第 260 行.
NOTIC: [8] Undefined variable: chartmemberlist F:\MyWeb\sdwkefu\sdwWebsiteData\runtime\Cache\Home\adf1424ef617f44094c401b0daec0b14.php 第 395 行.
NOTIC: [8] Undefined variable: chartorderlist F:\MyWeb\sdwkefu\sdwWebsiteData\runtime\Cache\Home\adf1424ef617f44094c401b0daec0b14.php 第 400 行.
NOTIC: [8] Undefined variable: chartorderlist F:\MyWeb\sdwkefu\sdwWebsiteData\runtime\Cache\Home\adf1424ef617f44094c401b0daec0b14.php 第 444 行.
INFO: ParseTemplate Behavior ::run [ RunTime:0.041451s ]
INFO: [ view_parse ] --END-- [ RunTime:0.041534s ]
INFO: [ view_filter ] --START--
INFO: ContentReplace Behavior ::run [ RunTime:0.001231s ]
INFO: TokenBuild Behavior ::run [ RunTime:0.001085s ]
INFO: WriteHtmlCache Behavior ::run [ RunTime:0.000942s ]
INFO: ShowRuntime Behavior ::run [ RunTime:0.001199s ]
INFO: [ view_filter ] --END-- [ RunTime:0.004631s ]
INFO: [ view_end ] --START--
INFO: ShowPageTrace Behavior ::run [ RunTime:0.002634s ]
INFO: [ view_end ] --END-- [ RunTime:0.002731s ]

[ 2014-03-11T09:43:19+08:00 ] 127.0.0.1 /index.php?m=Member&a=index
INFO: [ app_begin ] --START--
INFO: ReadHtmlCache Behavior ::run [ RunTime:0.002664s ]
INFO: [ app_begin ] --END-- [ RunTime:0.002817s ]
INFO: [ view_parse ] --START--
NOTIC: [8] Undefined variable: agentMessageCount F:\MyWeb\sdwkefu\sdwWebsiteData\runtime\Cache\Home\adf1424ef617f44094c401b0daec0b14.php 第 54 行.
NOTIC: [8] Undefined variable: agentMessageCount F:\MyWeb\sdwkefu\sdwWebsiteData\runtime\Cache\Home\adf1424ef617f44094c401b0daec0b14.php 第 57 行.
NOTIC: [8] Undefined variable: agentnewscount F:\MyWeb\sdwkefu\sdwWebsiteData\runtime\Cache\Home\adf1424ef617f44094c401b0daec0b14.php 第 87 行.
NOTIC: [8] Undefined variable: agentnewscount F:\MyWeb\sdwkefu\sdwWebsiteData\runtime\Cache\Home\adf1424ef617f44094c401b0daec0b14.php 第 90 行.
NOTIC: [8] Undefined variable: money F:\MyWeb\sdwkefu\sdwWebsiteData\runtime\Cache\Home\adf1424ef617f44094c401b0daec0b14.php 第 120 行.
NOTIC: [8] Undefined variable: memberCount F:\MyWeb\sdwkefu\sdwWebsiteData\runtime\Cache\Home\adf1424ef617f44094c401b0daec0b14.php 第 219 行.
NOTIC: [8] Undefined variable: orderCount F:\MyWeb\sdwkefu\sdwWebsiteData\runtime\Cache\Home\adf1424ef617f44094c401b0daec0b14.php 第 232 行.
NOTIC: [8] Undefined variable: money F:\MyWeb\sdwkefu\sdwWebsiteData\runtime\Cache\Home\adf1424ef617f44094c401b0daec0b14.php 第 247 行.
NOTIC: [8] Undefined variable: moneytotal F:\MyWeb\sdwkefu\sdwWebsiteData\runtime\Cache\Home\adf1424ef617f44094c401b0daec0b14.php 第 260 行.
NOTIC: [8] Undefined variable: chartmemberlist F:\MyWeb\sdwkefu\sdwWebsiteData\runtime\Cache\Home\adf1424ef617f44094c401b0daec0b14.php 第 395 行.
NOTIC: [8] Undefined variable: chartorderlist F:\MyWeb\sdwkefu\sdwWebsiteData\runtime\Cache\Home\adf1424ef617f44094c401b0daec0b14.php 第 400 行.
NOTIC: [8] Undefined variable: chartorderlist F:\MyWeb\sdwkefu\sdwWebsiteData\runtime\Cache\Home\adf1424ef617f44094c401b0daec0b14.php 第 444 行.
INFO: ParseTemplate Behavior ::run [ RunTime:0.070955s ]
INFO: [ view_parse ] --END-- [ RunTime:0.071093s ]
INFO: [ view_filter ] --START--
INFO: ContentReplace Behavior ::run [ RunTime:0.002241s ]
INFO: TokenBuild Behavior ::run [ RunTime:0.002661s ]
INFO: WriteHtmlCache Behavior ::run [ RunTime:0.001931s ]
INFO: ShowRuntime Behavior ::run [ RunTime:0.002225s ]
INFO: [ view_filter ] --END-- [ RunTime:0.009448s ]
INFO: [ view_end ] --START--
INFO: ShowPageTrace Behavior ::run [ RunTime:0.004194s ]
INFO: [ view_end ] --END-- [ RunTime:0.004317s ]

[ 2014-03-11T09:43:21+08:00 ] 127.0.0.1 /index.php?m=Agent&a=index
INFO: [ app_begin ] --START--
INFO: ReadHtmlCache Behavior ::run [ RunTime:0.002476s ]
INFO: [ app_begin ] --END-- [ RunTime:0.002633s ]
ERR: 无法加载模块:Agent

[ 2014-03-11T09:43:33+08:00 ] 127.0.0.1 /index.php?m=Member&a=index
INFO: [ app_begin ] --START--
INFO: ReadHtmlCache Behavior ::run [ RunTime:0.001441s ]
INFO: [ app_begin ] --END-- [ RunTime:0.001619s ]
INFO: [ view_parse ] --START--
NOTIC: [8] Undefined variable: agentMessageCount F:\MyWeb\sdwkefu\sdwWebsiteData\runtime\Cache\Home\adf1424ef617f44094c401b0daec0b14.php 第 54 行.
NOTIC: [8] Undefined variable: agentMessageCount F:\MyWeb\sdwkefu\sdwWebsiteData\runtime\Cache\Home\adf1424ef617f44094c401b0daec0b14.php 第 57 行.
NOTIC: [8] Undefined variable: agentnewscount F:\MyWeb\sdwkefu\sdwWebsiteData\runtime\Cache\Home\adf1424ef617f44094c401b0daec0b14.php 第 87 行.
NOTIC: [8] Undefined variable: agentnewscount F:\MyWeb\sdwkefu\sdwWebsiteData\runtime\Cache\Home\adf1424ef617f44094c401b0daec0b14.php 第 90 行.
NOTIC: [8] Undefined variable: money F:\MyWeb\sdwkefu\sdwWebsiteData\runtime\Cache\Home\adf1424ef617f44094c401b0daec0b14.php 第 120 行.
NOTIC: [8] Undefined variable: memberCount F:\MyWeb\sdwkefu\sdwWebsiteData\runtime\Cache\Home\adf1424ef617f44094c401b0daec0b14.php 第 219 行.
NOTIC: [8] Undefined variable: orderCount F:\MyWeb\sdwkefu\sdwWebsiteData\runtime\Cache\Home\adf1424ef617f44094c401b0daec0b14.php 第 232 行.
NOTIC: [8] Undefined variable: money F:\MyWeb\sdwkefu\sdwWebsiteData\runtime\Cache\Home\adf1424ef617f44094c401b0daec0b14.php 第 247 行.
NOTIC: [8] Undefined variable: moneytotal F:\MyWeb\sdwkefu\sdwWebsiteData\runtime\Cache\Home\adf1424ef617f44094c401b0daec0b14.php 第 260 行.
NOTIC: [8] Undefined variable: chartmemberlist F:\MyWeb\sdwkefu\sdwWebsiteData\runtime\Cache\Home\adf1424ef617f44094c401b0daec0b14.php 第 395 行.
NOTIC: [8] Undefined variable: chartorderlist F:\MyWeb\sdwkefu\sdwWebsiteData\runtime\Cache\Home\adf1424ef617f44094c401b0daec0b14.php 第 400 行.
NOTIC: [8] Undefined variable: chartorderlist F:\MyWeb\sdwkefu\sdwWebsiteData\runtime\Cache\Home\adf1424ef617f44094c401b0daec0b14.php 第 444 行.
INFO: ParseTemplate Behavior ::run [ RunTime:0.078574s ]
INFO: [ view_parse ] --END-- [ RunTime:0.078717s ]
INFO: [ view_filter ] --START--
INFO: ContentReplace Behavior ::run [ RunTime:0.002910s ]
INFO: TokenBuild Behavior ::run [ RunTime:0.002864s ]
INFO: WriteHtmlCache Behavior ::run [ RunTime:0.002216s ]
INFO: ShowRuntime Behavior ::run [ RunTime:0.002644s ]
INFO: [ view_filter ] --END-- [ RunTime:0.011103s ]
INFO: [ view_end ] --START--
INFO: ShowPageTrace Behavior ::run [ RunTime:0.005142s ]
INFO: [ view_end ] --END-- [ RunTime:0.005281s ]

[ 2014-03-11T09:43:34+08:00 ] 127.0.0.1 /index.php?m=Member&a=index
INFO: [ app_begin ] --START--
INFO: ReadHtmlCache Behavior ::run [ RunTime:0.002742s ]
INFO: [ app_begin ] --END-- [ RunTime:0.002909s ]
INFO: [ view_parse ] --START--
NOTIC: [8] Undefined variable: agentMessageCount F:\MyWeb\sdwkefu\sdwWebsiteData\runtime\Cache\Home\adf1424ef617f44094c401b0daec0b14.php 第 54 行.
NOTIC: [8] Undefined variable: agentMessageCount F:\MyWeb\sdwkefu\sdwWebsiteData\runtime\Cache\Home\adf1424ef617f44094c401b0daec0b14.php 第 57 行.
NOTIC: [8] Undefined variable: agentnewscount F:\MyWeb\sdwkefu\sdwWebsiteData\runtime\Cache\Home\adf1424ef617f44094c401b0daec0b14.php 第 87 行.
NOTIC: [8] Undefined variable: agentnewscount F:\MyWeb\sdwkefu\sdwWebsiteData\runtime\Cache\Home\adf1424ef617f44094c401b0daec0b14.php 第 90 行.
NOTIC: [8] Undefined variable: money F:\MyWeb\sdwkefu\sdwWebsiteData\runtime\Cache\Home\adf1424ef617f44094c401b0daec0b14.php 第 120 行.
NOTIC: [8] Undefined variable: memberCount F:\MyWeb\sdwkefu\sdwWebsiteData\runtime\Cache\Home\adf1424ef617f44094c401b0daec0b14.php 第 219 行.
NOTIC: [8] Undefined variable: orderCount F:\MyWeb\sdwkefu\sdwWebsiteData\runtime\Cache\Home\adf1424ef617f44094c401b0daec0b14.php 第 232 行.
NOTIC: [8] Undefined variable: money F:\MyWeb\sdwkefu\sdwWebsiteData\runtime\Cache\Home\adf1424ef617f44094c401b0daec0b14.php 第 247 行.
NOTIC: [8] Undefined variable: moneytotal F:\MyWeb\sdwkefu\sdwWebsiteData\runtime\Cache\Home\adf1424ef617f44094c401b0daec0b14.php 第 260 行.
NOTIC: [8] Undefined variable: chartmemberlist F:\MyWeb\sdwkefu\sdwWebsiteData\runtime\Cache\Home\adf1424ef617f44094c401b0daec0b14.php 第 395 行.
NOTIC: [8] Undefined variable: chartorderlist F:\MyWeb\sdwkefu\sdwWebsiteData\runtime\Cache\Home\adf1424ef617f44094c401b0daec0b14.php 第 400 行.
NOTIC: [8] Undefined variable: chartorderlist F:\MyWeb\sdwkefu\sdwWebsiteData\runtime\Cache\Home\adf1424ef617f44094c401b0daec0b14.php 第 444 行.
INFO: ParseTemplate Behavior ::run [ RunTime:0.040792s ]
INFO: [ view_parse ] --END-- [ RunTime:0.040882s ]
INFO: [ view_filter ] --START--
INFO: ContentReplace Behavior ::run [ RunTime:0.001342s ]
INFO: TokenBuild Behavior ::run [ RunTime:0.001203s ]
INFO: WriteHtmlCache Behavior ::run [ RunTime:0.001452s ]
INFO: ShowRuntime Behavior ::run [ RunTime:0.001473s ]
INFO: [ view_filter ] --END-- [ RunTime:0.005691s ]
INFO: [ view_end ] --START--
INFO: ShowPageTrace Behavior ::run [ RunTime:0.002775s ]
INFO: [ view_end ] --END-- [ RunTime:0.002857s ]

[ 2014-03-11T09:43:35+08:00 ] 127.0.0.1 /index.php?m=Member&a=index
INFO: [ app_begin ] --START--
INFO: ReadHtmlCache Behavior ::run [ RunTime:0.001382s ]
INFO: [ app_begin ] --END-- [ RunTime:0.001543s ]
INFO: [ view_parse ] --START--
NOTIC: [8] Undefined variable: agentMessageCount F:\MyWeb\sdwkefu\sdwWebsiteData\runtime\Cache\Home\adf1424ef617f44094c401b0daec0b14.php 第 54 行.
NOTIC: [8] Undefined variable: agentMessageCount F:\MyWeb\sdwkefu\sdwWebsiteData\runtime\Cache\Home\adf1424ef617f44094c401b0daec0b14.php 第 57 行.
NOTIC: [8] Undefined variable: agentnewscount F:\MyWeb\sdwkefu\sdwWebsiteData\runtime\Cache\Home\adf1424ef617f44094c401b0daec0b14.php 第 87 行.
NOTIC: [8] Undefined variable: agentnewscount F:\MyWeb\sdwkefu\sdwWebsiteData\runtime\Cache\Home\adf1424ef617f44094c401b0daec0b14.php 第 90 行.
NOTIC: [8] Undefined variable: money F:\MyWeb\sdwkefu\sdwWebsiteData\runtime\Cache\Home\adf1424ef617f44094c401b0daec0b14.php 第 120 行.
NOTIC: [8] Undefined variable: memberCount F:\MyWeb\sdwkefu\sdwWebsiteData\runtime\Cache\Home\adf1424ef617f44094c401b0daec0b14.php 第 219 行.
NOTIC: [8] Undefined variable: orderCount F:\MyWeb\sdwkefu\sdwWebsiteData\runtime\Cache\Home\adf1424ef617f44094c401b0daec0b14.php 第 232 行.
NOTIC: [8] Undefined variable: money F:\MyWeb\sdwkefu\sdwWebsiteData\runtime\Cache\Home\adf1424ef617f44094c401b0daec0b14.php 第 247 行.
NOTIC: [8] Undefined variable: moneytotal F:\MyWeb\sdwkefu\sdwWebsiteData\runtime\Cache\Home\adf1424ef617f44094c401b0daec0b14.php 第 260 行.
NOTIC: [8] Undefined variable: chartmemberlist F:\MyWeb\sdwkefu\sdwWebsiteData\runtime\Cache\Home\adf1424ef617f44094c401b0daec0b14.php 第 395 行.
NOTIC: [8] Undefined variable: chartorderlist F:\MyWeb\sdwkefu\sdwWebsiteData\runtime\Cache\Home\adf1424ef617f44094c401b0daec0b14.php 第 400 行.
NOTIC: [8] Undefined variable: chartorderlist F:\MyWeb\sdwkefu\sdwWebsiteData\runtime\Cache\Home\adf1424ef617f44094c401b0daec0b14.php 第 444 行.
INFO: ParseTemplate Behavior ::run [ RunTime:0.054011s ]
INFO: [ view_parse ] --END-- [ RunTime:0.054158s ]
INFO: [ view_filter ] --START--
INFO: ContentReplace Behavior ::run [ RunTime:0.001147s ]
INFO: TokenBuild Behavior ::run [ RunTime:0.000957s ]
INFO: WriteHtmlCache Behavior ::run [ RunTime:0.000642s ]
INFO: ShowRuntime Behavior ::run [ RunTime:0.001457s ]
INFO: [ view_filter ] --END-- [ RunTime:0.004563s ]
INFO: [ view_end ] --START--
INFO: ShowPageTrace Behavior ::run [ RunTime:0.001796s ]
INFO: [ view_end ] --END-- [ RunTime:0.001933s ]

[ 2014-03-11T09:43:37+08:00 ] 127.0.0.1 /index.php?m=Member&a=index
INFO: [ app_begin ] --START--
INFO: ReadHtmlCache Behavior ::run [ RunTime:0.001489s ]
INFO: [ app_begin ] --END-- [ RunTime:0.001649s ]
INFO: [ view_parse ] --START--
NOTIC: [8] Undefined variable: agentMessageCount F:\MyWeb\sdwkefu\sdwWebsiteData\runtime\Cache\Home\adf1424ef617f44094c401b0daec0b14.php 第 54 行.
NOTIC: [8] Undefined variable: agentMessageCount F:\MyWeb\sdwkefu\sdwWebsiteData\runtime\Cache\Home\adf1424ef617f44094c401b0daec0b14.php 第 57 行.
NOTIC: [8] Undefined variable: agentnewscount F:\MyWeb\sdwkefu\sdwWebsiteData\runtime\Cache\Home\adf1424ef617f44094c401b0daec0b14.php 第 87 行.
NOTIC: [8] Undefined variable: agentnewscount F:\MyWeb\sdwkefu\sdwWebsiteData\runtime\Cache\Home\adf1424ef617f44094c401b0daec0b14.php 第 90 行.
NOTIC: [8] Undefined variable: money F:\MyWeb\sdwkefu\sdwWebsiteData\runtime\Cache\Home\adf1424ef617f44094c401b0daec0b14.php 第 120 行.
NOTIC: [8] Undefined variable: memberCount F:\MyWeb\sdwkefu\sdwWebsiteData\runtime\Cache\Home\adf1424ef617f44094c401b0daec0b14.php 第 219 行.
NOTIC: [8] Undefined variable: orderCount F:\MyWeb\sdwkefu\sdwWebsiteData\runtime\Cache\Home\adf1424ef617f44094c401b0daec0b14.php 第 232 行.
NOTIC: [8] Undefined variable: money F:\MyWeb\sdwkefu\sdwWebsiteData\runtime\Cache\Home\adf1424ef617f44094c401b0daec0b14.php 第 247 行.
NOTIC: [8] Undefined variable: moneytotal F:\MyWeb\sdwkefu\sdwWebsiteData\runtime\Cache\Home\adf1424ef617f44094c401b0daec0b14.php 第 260 行.
NOTIC: [8] Undefined variable: chartmemberlist F:\MyWeb\sdwkefu\sdwWebsiteData\runtime\Cache\Home\adf1424ef617f44094c401b0daec0b14.php 第 395 行.
NOTIC: [8] Undefined variable: chartorderlist F:\MyWeb\sdwkefu\sdwWebsiteData\runtime\Cache\Home\adf1424ef617f44094c401b0daec0b14.php 第 400 行.
NOTIC: [8] Undefined variable: chartorderlist F:\MyWeb\sdwkefu\sdwWebsiteData\runtime\Cache\Home\adf1424ef617f44094c401b0daec0b14.php 第 444 行.
INFO: ParseTemplate Behavior ::run [ RunTime:0.056010s ]
INFO: [ view_parse ] --END-- [ RunTime:0.056170s ]
INFO: [ view_filter ] --START--
INFO: ContentReplace Behavior ::run [ RunTime:0.001413s ]
INFO: TokenBuild Behavior ::run [ RunTime:0.001076s ]
INFO: WriteHtmlCache Behavior ::run [ RunTime:0.000713s ]
INFO: ShowRuntime Behavior ::run [ RunTime:0.001151s ]
INFO: [ view_filter ] --END-- [ RunTime:0.004726s ]
INFO: [ view_end ] --START--
INFO: ShowPageTrace Behavior ::run [ RunTime:0.001456s ]
INFO: [ view_end ] --END-- [ RunTime:0.001574s ]

[ 2014-03-11T09:43:38+08:00 ] 127.0.0.1 /index.php?m=Member&a=index
INFO: [ app_begin ] --START--
INFO: ReadHtmlCache Behavior ::run [ RunTime:0.001494s ]
INFO: [ app_begin ] --END-- [ RunTime:0.001718s ]
INFO: [ view_parse ] --START--
NOTIC: [8] Undefined variable: agentMessageCount F:\MyWeb\sdwkefu\sdwWebsiteData\runtime\Cache\Home\adf1424ef617f44094c401b0daec0b14.php 第 54 行.
NOTIC: [8] Undefined variable: agentMessageCount F:\MyWeb\sdwkefu\sdwWebsiteData\runtime\Cache\Home\adf1424ef617f44094c401b0daec0b14.php 第 57 行.
NOTIC: [8] Undefined variable: agentnewscount F:\MyWeb\sdwkefu\sdwWebsiteData\runtime\Cache\Home\adf1424ef617f44094c401b0daec0b14.php 第 87 行.
NOTIC: [8] Undefined variable: agentnewscount F:\MyWeb\sdwkefu\sdwWebsiteData\runtime\Cache\Home\adf1424ef617f44094c401b0daec0b14.php 第 90 行.
NOTIC: [8] Undefined variable: money F:\MyWeb\sdwkefu\sdwWebsiteData\runtime\Cache\Home\adf1424ef617f44094c401b0daec0b14.php 第 120 行.
NOTIC: [8] Undefined variable: memberCount F:\MyWeb\sdwkefu\sdwWebsiteData\runtime\Cache\Home\adf1424ef617f44094c401b0daec0b14.php 第 219 行.
NOTIC: [8] Undefined variable: orderCount F:\MyWeb\sdwkefu\sdwWebsiteData\runtime\Cache\Home\adf1424ef617f44094c401b0daec0b14.php 第 232 行.
NOTIC: [8] Undefined variable: money F:\MyWeb\sdwkefu\sdwWebsiteData\runtime\Cache\Home\adf1424ef617f44094c401b0daec0b14.php 第 247 行.
NOTIC: [8] Undefined variable: moneytotal F:\MyWeb\sdwkefu\sdwWebsiteData\runtime\Cache\Home\adf1424ef617f44094c401b0daec0b14.php 第 260 行.
NOTIC: [8] Undefined variable: chartmemberlist F:\MyWeb\sdwkefu\sdwWebsiteData\runtime\Cache\Home\adf1424ef617f44094c401b0daec0b14.php 第 395 行.
NOTIC: [8] Undefined variable: chartorderlist F:\MyWeb\sdwkefu\sdwWebsiteData\runtime\Cache\Home\adf1424ef617f44094c401b0daec0b14.php 第 400 行.
NOTIC: [8] Undefined variable: chartorderlist F:\MyWeb\sdwkefu\sdwWebsiteData\runtime\Cache\Home\adf1424ef617f44094c401b0daec0b14.php 第 444 行.
INFO: ParseTemplate Behavior ::run [ RunTime:0.053552s ]
INFO: [ view_parse ] --END-- [ RunTime:0.053686s ]
INFO: [ view_filter ] --START--
INFO: ContentReplace Behavior ::run [ RunTime:0.001012s ]
INFO: TokenBuild Behavior ::run [ RunTime:0.000856s ]
INFO: WriteHtmlCache Behavior ::run [ RunTime:0.000605s ]
INFO: ShowRuntime Behavior ::run [ RunTime:0.001153s ]
INFO: [ view_filter ] --END-- [ RunTime:0.003965s ]
INFO: [ view_end ] --START--
INFO: ShowPageTrace Behavior ::run [ RunTime:0.001353s ]
INFO: [ view_end ] --END-- [ RunTime:0.001480s ]

[ 2014-03-11T09:43:38+08:00 ] 127.0.0.1 /index.php?m=Member&a=index
INFO: [ app_begin ] --START--
INFO: ReadHtmlCache Behavior ::run [ RunTime:0.000593s ]
INFO: [ app_begin ] --END-- [ RunTime:0.000681s ]
INFO: [ view_parse ] --START--
NOTIC: [8] Undefined variable: agentMessageCount F:\MyWeb\sdwkefu\sdwWebsiteData\runtime\Cache\Home\adf1424ef617f44094c401b0daec0b14.php 第 54 行.
NOTIC: [8] Undefined variable: agentMessageCount F:\MyWeb\sdwkefu\sdwWebsiteData\runtime\Cache\Home\adf1424ef617f44094c401b0daec0b14.php 第 57 行.
NOTIC: [8] Undefined variable: agentnewscount F:\MyWeb\sdwkefu\sdwWebsiteData\runtime\Cache\Home\adf1424ef617f44094c401b0daec0b14.php 第 87 行.
NOTIC: [8] Undefined variable: agentnewscount F:\MyWeb\sdwkefu\sdwWebsiteData\runtime\Cache\Home\adf1424ef617f44094c401b0daec0b14.php 第 90 行.
NOTIC: [8] Undefined variable: money F:\MyWeb\sdwkefu\sdwWebsiteData\runtime\Cache\Home\adf1424ef617f44094c401b0daec0b14.php 第 120 行.
NOTIC: [8] Undefined variable: memberCount F:\MyWeb\sdwkefu\sdwWebsiteData\runtime\Cache\Home\adf1424ef617f44094c401b0daec0b14.php 第 219 行.
NOTIC: [8] Undefined variable: orderCount F:\MyWeb\sdwkefu\sdwWebsiteData\runtime\Cache\Home\adf1424ef617f44094c401b0daec0b14.php 第 232 行.
NOTIC: [8] Undefined variable: money F:\MyWeb\sdwkefu\sdwWebsiteData\runtime\Cache\Home\adf1424ef617f44094c401b0daec0b14.php 第 247 行.
NOTIC: [8] Undefined variable: moneytotal F:\MyWeb\sdwkefu\sdwWebsiteData\runtime\Cache\Home\adf1424ef617f44094c401b0daec0b14.php 第 260 行.
NOTIC: [8] Undefined variable: chartmemberlist F:\MyWeb\sdwkefu\sdwWebsiteData\runtime\Cache\Home\adf1424ef617f44094c401b0daec0b14.php 第 395 行.
NOTIC: [8] Undefined variable: chartorderlist F:\MyWeb\sdwkefu\sdwWebsiteData\runtime\Cache\Home\adf1424ef617f44094c401b0daec0b14.php 第 400 行.
NOTIC: [8] Undefined variable: chartorderlist F:\MyWeb\sdwkefu\sdwWebsiteData\runtime\Cache\Home\adf1424ef617f44094c401b0daec0b14.php 第 444 行.
INFO: ParseTemplate Behavior ::run [ RunTime:0.022529s ]
INFO: [ view_parse ] --END-- [ RunTime:0.022597s ]
INFO: [ view_filter ] --START--
INFO: ContentReplace Behavior ::run [ RunTime:0.000475s ]
INFO: TokenBuild Behavior ::run [ RunTime:0.000428s ]
INFO: WriteHtmlCache Behavior ::run [ RunTime:0.000271s ]
INFO: ShowRuntime Behavior ::run [ RunTime:0.000439s ]
INFO: [ view_filter ] --END-- [ RunTime:0.001747s ]
INFO: [ view_end ] --START--
INFO: ShowPageTrace Behavior ::run [ RunTime:0.000567s ]
INFO: [ view_end ] --END-- [ RunTime:0.000614s ]

[ 2014-03-11T09:43:39+08:00 ] 127.0.0.1 /index.php?m=Member&a=index
INFO: [ app_begin ] --START--
INFO: ReadHtmlCache Behavior ::run [ RunTime:0.001697s ]
INFO: [ app_begin ] --END-- [ RunTime:0.001911s ]
INFO: [ view_parse ] --START--
NOTIC: [8] Undefined variable: agentMessageCount F:\MyWeb\sdwkefu\sdwWebsiteData\runtime\Cache\Home\adf1424ef617f44094c401b0daec0b14.php 第 54 行.
NOTIC: [8] Undefined variable: agentMessageCount F:\MyWeb\sdwkefu\sdwWebsiteData\runtime\Cache\Home\adf1424ef617f44094c401b0daec0b14.php 第 57 行.
NOTIC: [8] Undefined variable: agentnewscount F:\MyWeb\sdwkefu\sdwWebsiteData\runtime\Cache\Home\adf1424ef617f44094c401b0daec0b14.php 第 87 行.
NOTIC: [8] Undefined variable: agentnewscount F:\MyWeb\sdwkefu\sdwWebsiteData\runtime\Cache\Home\adf1424ef617f44094c401b0daec0b14.php 第 90 行.
NOTIC: [8] Undefined variable: money F:\MyWeb\sdwkefu\sdwWebsiteData\runtime\Cache\Home\adf1424ef617f44094c401b0daec0b14.php 第 120 行.
NOTIC: [8] Undefined variable: memberCount F:\MyWeb\sdwkefu\sdwWebsiteData\runtime\Cache\Home\adf1424ef617f44094c401b0daec0b14.php 第 219 行.
NOTIC: [8] Undefined variable: orderCount F:\MyWeb\sdwkefu\sdwWebsiteData\runtime\Cache\Home\adf1424ef617f44094c401b0daec0b14.php 第 232 行.
NOTIC: [8] Undefined variable: money F:\MyWeb\sdwkefu\sdwWebsiteData\runtime\Cache\Home\adf1424ef617f44094c401b0daec0b14.php 第 247 行.
NOTIC: [8] Undefined variable: moneytotal F:\MyWeb\sdwkefu\sdwWebsiteData\runtime\Cache\Home\adf1424ef617f44094c401b0daec0b14.php 第 260 行.
NOTIC: [8] Undefined variable: chartmemberlist F:\MyWeb\sdwkefu\sdwWebsiteData\runtime\Cache\Home\adf1424ef617f44094c401b0daec0b14.php 第 395 行.
NOTIC: [8] Undefined variable: chartorderlist F:\MyWeb\sdwkefu\sdwWebsiteData\runtime\Cache\Home\adf1424ef617f44094c401b0daec0b14.php 第 400 行.
NOTIC: [8] Undefined variable: chartorderlist F:\MyWeb\sdwkefu\sdwWebsiteData\runtime\Cache\Home\adf1424ef617f44094c401b0daec0b14.php 第 444 行.
INFO: ParseTemplate Behavior ::run [ RunTime:0.059962s ]
INFO: [ view_parse ] --END-- [ RunTime:0.060121s ]
INFO: [ view_filter ] --START--
INFO: ContentReplace Behavior ::run [ RunTime:0.001152s ]
INFO: TokenBuild Behavior ::run [ RunTime:0.000954s ]
INFO: WriteHtmlCache Behavior ::run [ RunTime:0.000645s ]
INFO: ShowRuntime Behavior ::run [ RunTime:0.001322s ]
INFO: [ view_filter ] --END-- [ RunTime:0.004452s ]
INFO: [ view_end ] --START--
INFO: ShowPageTrace Behavior ::run [ RunTime:0.001916s ]
INFO: [ view_end ] --END-- [ RunTime:0.002090s ]

[ 2014-03-11T09:44:40+08:00 ] 127.0.0.1 /index.php?m=Member&a=index
INFO: [ app_begin ] --START--
INFO: ReadHtmlCache Behavior ::run [ RunTime:0.001606s ]
INFO: [ app_begin ] --END-- [ RunTime:0.001773s ]
INFO: [ view_parse ] --START--
NOTIC: [8] Undefined variable: agentMessageCount F:\MyWeb\sdwkefu\sdwWebsiteData\runtime\Cache\Home\adf1424ef617f44094c401b0daec0b14.php 第 54 行.
NOTIC: [8] Undefined variable: agentMessageCount F:\MyWeb\sdwkefu\sdwWebsiteData\runtime\Cache\Home\adf1424ef617f44094c401b0daec0b14.php 第 57 行.
NOTIC: [8] Undefined variable: agentnewscount F:\MyWeb\sdwkefu\sdwWebsiteData\runtime\Cache\Home\adf1424ef617f44094c401b0daec0b14.php 第 87 行.
NOTIC: [8] Undefined variable: agentnewscount F:\MyWeb\sdwkefu\sdwWebsiteData\runtime\Cache\Home\adf1424ef617f44094c401b0daec0b14.php 第 90 行.
NOTIC: [8] Undefined variable: money F:\MyWeb\sdwkefu\sdwWebsiteData\runtime\Cache\Home\adf1424ef617f44094c401b0daec0b14.php 第 120 行.
NOTIC: [8] Undefined variable: memberCount F:\MyWeb\sdwkefu\sdwWebsiteData\runtime\Cache\Home\adf1424ef617f44094c401b0daec0b14.php 第 220 行.
NOTIC: [8] Undefined variable: orderCount F:\MyWeb\sdwkefu\sdwWebsiteData\runtime\Cache\Home\adf1424ef617f44094c401b0daec0b14.php 第 233 行.
NOTIC: [8] Undefined variable: money F:\MyWeb\sdwkefu\sdwWebsiteData\runtime\Cache\Home\adf1424ef617f44094c401b0daec0b14.php 第 248 行.
NOTIC: [8] Undefined variable: moneytotal F:\MyWeb\sdwkefu\sdwWebsiteData\runtime\Cache\Home\adf1424ef617f44094c401b0daec0b14.php 第 261 行.
NOTIC: [8] Undefined variable: chartmemberlist F:\MyWeb\sdwkefu\sdwWebsiteData\runtime\Cache\Home\adf1424ef617f44094c401b0daec0b14.php 第 396 行.
NOTIC: [8] Undefined variable: chartorderlist F:\MyWeb\sdwkefu\sdwWebsiteData\runtime\Cache\Home\adf1424ef617f44094c401b0daec0b14.php 第 401 行.
NOTIC: [8] Undefined variable: chartorderlist F:\MyWeb\sdwkefu\sdwWebsiteData\runtime\Cache\Home\adf1424ef617f44094c401b0daec0b14.php 第 445 行.
INFO: ParseTemplate Behavior ::run [ RunTime:0.054524s ]
INFO: [ view_parse ] --END-- [ RunTime:0.054694s ]
INFO: [ view_filter ] --START--
INFO: ContentReplace Behavior ::run [ RunTime:0.001256s ]
INFO: TokenBuild Behavior ::run [ RunTime:0.001428s ]
INFO: WriteHtmlCache Behavior ::run [ RunTime:0.001107s ]
INFO: ShowRuntime Behavior ::run [ RunTime:0.001516s ]
INFO: [ view_filter ] --END-- [ RunTime:0.006009s ]
INFO: [ view_end ] --START--
INFO: ShowPageTrace Behavior ::run [ RunTime:0.001679s ]
INFO: [ view_end ] --END-- [ RunTime:0.001840s ]

[ 2014-03-11T09:44:42+08:00 ] 127.0.0.1 /index.php?m=Member&a=index
INFO: [ app_begin ] --START--
INFO: ReadHtmlCache Behavior ::run [ RunTime:0.001496s ]
INFO: [ app_begin ] --END-- [ RunTime:0.001657s ]
INFO: [ view_parse ] --START--
NOTIC: [8] Undefined variable: agentMessageCount F:\MyWeb\sdwkefu\sdwWebsiteData\runtime\Cache\Home\adf1424ef617f44094c401b0daec0b14.php 第 54 行.
NOTIC: [8] Undefined variable: agentMessageCount F:\MyWeb\sdwkefu\sdwWebsiteData\runtime\Cache\Home\adf1424ef617f44094c401b0daec0b14.php 第 57 行.
NOTIC: [8] Undefined variable: agentnewscount F:\MyWeb\sdwkefu\sdwWebsiteData\runtime\Cache\Home\adf1424ef617f44094c401b0daec0b14.php 第 87 行.
NOTIC: [8] Undefined variable: agentnewscount F:\MyWeb\sdwkefu\sdwWebsiteData\runtime\Cache\Home\adf1424ef617f44094c401b0daec0b14.php 第 90 行.
NOTIC: [8] Undefined variable: money F:\MyWeb\sdwkefu\sdwWebsiteData\runtime\Cache\Home\adf1424ef617f44094c401b0daec0b14.php 第 120 行.
NOTIC: [8] Undefined variable: memberCount F:\MyWeb\sdwkefu\sdwWebsiteData\runtime\Cache\Home\adf1424ef617f44094c401b0daec0b14.php 第 220 行.
NOTIC: [8] Undefined variable: orderCount F:\MyWeb\sdwkefu\sdwWebsiteData\runtime\Cache\Home\adf1424ef617f44094c401b0daec0b14.php 第 233 行.
NOTIC: [8] Undefined variable: money F:\MyWeb\sdwkefu\sdwWebsiteData\runtime\Cache\Home\adf1424ef617f44094c401b0daec0b14.php 第 248 行.
NOTIC: [8] Undefined variable: moneytotal F:\MyWeb\sdwkefu\sdwWebsiteData\runtime\Cache\Home\adf1424ef617f44094c401b0daec0b14.php 第 261 行.
NOTIC: [8] Undefined variable: chartmemberlist F:\MyWeb\sdwkefu\sdwWebsiteData\runtime\Cache\Home\adf1424ef617f44094c401b0daec0b14.php 第 396 行.
NOTIC: [8] Undefined variable: chartorderlist F:\MyWeb\sdwkefu\sdwWebsiteData\runtime\Cache\Home\adf1424ef617f44094c401b0daec0b14.php 第 401 行.
NOTIC: [8] Undefined variable: chartorderlist F:\MyWeb\sdwkefu\sdwWebsiteData\runtime\Cache\Home\adf1424ef617f44094c401b0daec0b14.php 第 445 行.
INFO: ParseTemplate Behavior ::run [ RunTime:0.056782s ]
INFO: [ view_parse ] --END-- [ RunTime:0.056938s ]
INFO: [ view_filter ] --START--
INFO: ContentReplace Behavior ::run [ RunTime:0.000809s ]
INFO: TokenBuild Behavior ::run [ RunTime:0.000602s ]
INFO: WriteHtmlCache Behavior ::run [ RunTime:0.000507s ]
INFO: ShowRuntime Behavior ::run [ RunTime:0.000896s ]
INFO: [ view_filter ] --END-- [ RunTime:0.003111s ]
INFO: [ view_end ] --START--
INFO: ShowPageTrace Behavior ::run [ RunTime:0.002088s ]
INFO: [ view_end ] --END-- [ RunTime:0.002167s ]

[ 2014-03-11T09:44:43+08:00 ] 127.0.0.1 /index.php?m=Member&a=index
INFO: [ app_begin ] --START--
INFO: ReadHtmlCache Behavior ::run [ RunTime:0.000569s ]
INFO: [ app_begin ] --END-- [ RunTime:0.000641s ]
INFO: [ view_parse ] --START--
NOTIC: [8] Undefined variable: agentMessageCount F:\MyWeb\sdwkefu\sdwWebsiteData\runtime\Cache\Home\adf1424ef617f44094c401b0daec0b14.php 第 54 行.
NOTIC: [8] Undefined variable: agentMessageCount F:\MyWeb\sdwkefu\sdwWebsiteData\runtime\Cache\Home\adf1424ef617f44094c401b0daec0b14.php 第 57 行.
NOTIC: [8] Undefined variable: agentnewscount F:\MyWeb\sdwkefu\sdwWebsiteData\runtime\Cache\Home\adf1424ef617f44094c401b0daec0b14.php 第 87 行.
NOTIC: [8] Undefined variable: agentnewscount F:\MyWeb\sdwkefu\sdwWebsiteData\runtime\Cache\Home\adf1424ef617f44094c401b0daec0b14.php 第 90 行.
NOTIC: [8] Undefined variable: money F:\MyWeb\sdwkefu\sdwWebsiteData\runtime\Cache\Home\adf1424ef617f44094c401b0daec0b14.php 第 120 行.
NOTIC: [8] Undefined variable: memberCount F:\MyWeb\sdwkefu\sdwWebsiteData\runtime\Cache\Home\adf1424ef617f44094c401b0daec0b14.php 第 220 行.
NOTIC: [8] Undefined variable: orderCount F:\MyWeb\sdwkefu\sdwWebsiteData\runtime\Cache\Home\adf1424ef617f44094c401b0daec0b14.php 第 233 行.
NOTIC: [8] Undefined variable: money F:\MyWeb\sdwkefu\sdwWebsiteData\runtime\Cache\Home\adf1424ef617f44094c401b0daec0b14.php 第 248 行.
NOTIC: [8] Undefined variable: moneytotal F:\MyWeb\sdwkefu\sdwWebsiteData\runtime\Cache\Home\adf1424ef617f44094c401b0daec0b14.php 第 261 行.
NOTIC: [8] Undefined variable: chartmemberlist F:\MyWeb\sdwkefu\sdwWebsiteData\runtime\Cache\Home\adf1424ef617f44094c401b0daec0b14.php 第 396 行.
NOTIC: [8] Undefined variable: chartorderlist F:\MyWeb\sdwkefu\sdwWebsiteData\runtime\Cache\Home\adf1424ef617f44094c401b0daec0b14.php 第 401 行.
NOTIC: [8] Undefined variable: chartorderlist F:\MyWeb\sdwkefu\sdwWebsiteData\runtime\Cache\Home\adf1424ef617f44094c401b0daec0b14.php 第 445 行.
INFO: ParseTemplate Behavior ::run [ RunTime:0.022441s ]
INFO: [ view_parse ] --END-- [ RunTime:0.022594s ]
INFO: [ view_filter ] --START--
INFO: ContentReplace Behavior ::run [ RunTime:0.000467s ]
INFO: TokenBuild Behavior ::run [ RunTime:0.000382s ]
INFO: WriteHtmlCache Behavior ::run [ RunTime:0.000266s ]
INFO: ShowRuntime Behavior ::run [ RunTime:0.000534s ]
INFO: [ view_filter ] --END-- [ RunTime:0.001807s ]
INFO: [ view_end ] --START--
INFO: ShowPageTrace Behavior ::run [ RunTime:0.000596s ]
INFO: [ view_end ] --END-- [ RunTime:0.000643s ]

[ 2014-03-11T10:09:33+08:00 ] 127.0.0.1 /sdwkefu/
INFO: [ app_begin ] --START--
INFO: ReadHtmlCache Behavior ::run [ RunTime:0.002802s ]
INFO: [ app_begin ] --END-- [ RunTime:0.002942s ]
INFO: [ view_parse ] --START--
INFO: ParseTemplate Behavior ::run [ RunTime:0.025450s ]
INFO: [ view_parse ] --END-- [ RunTime:0.025604s ]
INFO: [ view_filter ] --START--
INFO: ContentReplace Behavior ::run [ RunTime:0.002540s ]
INFO: TokenBuild Behavior ::run [ RunTime:0.002647s ]
INFO: WriteHtmlCache Behavior ::run [ RunTime:0.001424s ]
INFO: ShowRuntime Behavior ::run [ RunTime:0.002195s ]
INFO: [ view_filter ] --END-- [ RunTime:0.009137s ]
INFO: [ view_end ] --START--
INFO: ShowPageTrace Behavior ::run [ RunTime:0.002594s ]
INFO: [ view_end ] --END-- [ RunTime:0.002701s ]

[ 2014-03-11T10:09:59+08:00 ] 127.0.0.1 /sdwkefu/
INFO: [ app_begin ] --START--
INFO: ReadHtmlCache Behavior ::run [ RunTime:0.002567s ]
INFO: [ app_begin ] --END-- [ RunTime:0.002710s ]
SQL: SHOW COLUMNS FROM `sdw_member` [ RunTime:0.001807s ]
NOTIC: 建议使用I方法替代_post
SQL: SELECT * FROM `sdw_member` WHERE ( `username` = 'mflaugh' ) LIMIT 1   [ RunTime:0.000526s ]
NOTIC: 建议使用I方法替代_post
INFO: [ view_parse ] --START--
INFO: ParseTemplate Behavior ::run [ RunTime:0.024959s ]
INFO: [ view_parse ] --END-- [ RunTime:0.025136s ]
INFO: [ view_filter ] --START--
INFO: ContentReplace Behavior ::run [ RunTime:0.002790s ]
INFO: TokenBuild Behavior ::run [ RunTime:0.003791s ]
INFO: WriteHtmlCache Behavior ::run [ RunTime:0.001967s ]
INFO: ShowRuntime Behavior ::run [ RunTime:0.002280s ]
INFO: [ view_filter ] --END-- [ RunTime:0.011168s ]
INFO: [ view_end ] --START--
INFO: ShowPageTrace Behavior ::run [ RunTime:0.002389s ]
INFO: [ view_end ] --END-- [ RunTime:0.002498s ]

[ 2014-03-11T10:10:00+08:00 ] 127.0.0.1 /sdwkefu/index.php?m=Member&a=index
INFO: [ app_begin ] --START--
INFO: ReadHtmlCache Behavior ::run [ RunTime:0.002455s ]
INFO: [ app_begin ] --END-- [ RunTime:0.002613s ]
INFO: [ view_parse ] --START--
NOTIC: [8] Undefined variable: agentMessageCount E:\AppServ\www\sdwkefu\sdwWebsiteData\runtime\Cache\Home\adf1424ef617f44094c401b0daec0b14.php 第 54 行.
NOTIC: [8] Undefined variable: agentMessageCount E:\AppServ\www\sdwkefu\sdwWebsiteData\runtime\Cache\Home\adf1424ef617f44094c401b0daec0b14.php 第 57 行.
NOTIC: [8] Undefined variable: agentnewscount E:\AppServ\www\sdwkefu\sdwWebsiteData\runtime\Cache\Home\adf1424ef617f44094c401b0daec0b14.php 第 87 行.
NOTIC: [8] Undefined variable: agentnewscount E:\AppServ\www\sdwkefu\sdwWebsiteData\runtime\Cache\Home\adf1424ef617f44094c401b0daec0b14.php 第 90 行.
NOTIC: [8] Undefined variable: money E:\AppServ\www\sdwkefu\sdwWebsiteData\runtime\Cache\Home\adf1424ef617f44094c401b0daec0b14.php 第 120 行.
NOTIC: [8] Undefined variable: memberCount E:\AppServ\www\sdwkefu\sdwWebsiteData\runtime\Cache\Home\adf1424ef617f44094c401b0daec0b14.php 第 220 行.
NOTIC: [8] Undefined variable: orderCount E:\AppServ\www\sdwkefu\sdwWebsiteData\runtime\Cache\Home\adf1424ef617f44094c401b0daec0b14.php 第 233 行.
NOTIC: [8] Undefined variable: money E:\AppServ\www\sdwkefu\sdwWebsiteData\runtime\Cache\Home\adf1424ef617f44094c401b0daec0b14.php 第 248 行.
NOTIC: [8] Undefined variable: moneytotal E:\AppServ\www\sdwkefu\sdwWebsiteData\runtime\Cache\Home\adf1424ef617f44094c401b0daec0b14.php 第 261 行.
NOTIC: [8] Undefined variable: chartmemberlist E:\AppServ\www\sdwkefu\sdwWebsiteData\runtime\Cache\Home\adf1424ef617f44094c401b0daec0b14.php 第 396 行.
NOTIC: [8] Undefined variable: chartorderlist E:\AppServ\www\sdwkefu\sdwWebsiteData\runtime\Cache\Home\adf1424ef617f44094c401b0daec0b14.php 第 401 行.
NOTIC: [8] Undefined variable: chartorderlist E:\AppServ\www\sdwkefu\sdwWebsiteData\runtime\Cache\Home\adf1424ef617f44094c401b0daec0b14.php 第 445 行.
INFO: ParseTemplate Behavior ::run [ RunTime:0.041715s ]
INFO: [ view_parse ] --END-- [ RunTime:0.041837s ]
INFO: [ view_filter ] --START--
INFO: ContentReplace Behavior ::run [ RunTime:0.002332s ]
INFO: TokenBuild Behavior ::run [ RunTime:0.002205s ]
INFO: WriteHtmlCache Behavior ::run [ RunTime:0.001977s ]
INFO: ShowRuntime Behavior ::run [ RunTime:0.002287s ]
INFO: [ view_filter ] --END-- [ RunTime:0.009143s ]
INFO: [ view_end ] --START--
INFO: ShowPageTrace Behavior ::run [ RunTime:0.002563s ]
INFO: [ view_end ] --END-- [ RunTime:0.002670s ]

